c:\users\dasha\desktop\proga\чм\graphics-zedgraph12\x64\debug\vc141.pdb
c:\users\dasha\desktop\proga\чм\graphics-zedgraph12\x64\debug\.netframework,version=v4.5.assemblyattributes.obj
c:\users\dasha\desktop\proga\чм\graphics-zedgraph12\x64\debug\.netframework,version=v4.5.assemblyattributes.asm
c:\users\dasha\desktop\proga\чм\graphics-zedgraph12\x64\debug\myform.obj
c:\users\dasha\desktop\proga\чм\graphics-zedgraph12\x64\debug\zedgraph.dll
c:\users\dasha\desktop\proga\чм\graphics-zedgraph12\x64\debug\graph.myform.resources
c:\users\dasha\desktop\proga\чм\graphics-zedgraph12\x64\debug\graph.exe
c:\users\dasha\desktop\proga\чм\graphics-zedgraph12\x64\debug\graph.pdb
c:\users\dasha\desktop\proga\чм\graphics-zedgraph12\x64\debug\graph.tlog\metagen.write.1.tlog
c:\users\dasha\desktop\proga\чм\graphics-zedgraph12 — копия (2)\x64\debug\graph.vcxproj.generateresource.cache
c:\users\dasha\desktop\proga\чм\graphics-zedgraph12 — копия (2)\x64\debug\graph.vcxprojassemblyreference.cache
c:\users\dasha\desktop\proga\чм\graphics-zedgraph12 — копия (2)\x64\debug\.netframework,version=v4.5.assemblyattributes.obj
c:\users\dasha\desktop\proga\чм\graphics-zedgraph12 — копия (2)\x64\debug\myform.obj
c:\users\dasha\desktop\proga\чм\graphics-zedgraph12 — копия (2)\x64\debug\graph.myform.resources
c:\users\dasha\desktop\proga\чм\graphics-zedgraph12 — копия (2)\x64\debug\graph.pdb
c:\users\dasha\desktop\proga\чм\graphics-zedgraph12 — копия (2)\x64\debug\vc141.pdb
c:\users\dasha\desktop\proga\чм\graphics-zedgraph12 — копия (2)\x64\debug\graph.exe.metagen
c:\users\dasha\desktop\proga\чм\graphics-zedgraph12 — копия (2)\x64\debug\graph.exe
c:\users\dasha\desktop\proga\чм\graphics-zedgraph12 — копия (2)\x64\debug\graph.tlog\cl.command.1.tlog
c:\users\dasha\desktop\proga\чм\graphics-zedgraph12 — копия (2)\x64\debug\graph.tlog\cl.read.1.tlog
c:\users\dasha\desktop\proga\чм\graphics-zedgraph12 — копия (2)\x64\debug\graph.tlog\cl.write.1.tlog
c:\users\dasha\desktop\proga\чм\graphics-zedgraph12 — копия (2)\x64\debug\graph.tlog\graph.write.1u.tlog
c:\users\dasha\desktop\proga\чм\graphics-zedgraph12 — копия (2)\x64\debug\graph.tlog\link.command.1.tlog
c:\users\dasha\desktop\proga\чм\graphics-zedgraph12 — копия (2)\x64\debug\graph.tlog\link.read.1.tlog
c:\users\dasha\desktop\proga\чм\graphics-zedgraph12 — копия (2)\x64\debug\graph.tlog\link.write.1.tlog
c:\users\dasha\desktop\proga\чм\graphics-zedgraph12 — копия (2)\x64\debug\graph.tlog\metagen.read.1.tlog
c:\users\dasha\desktop\proga\чм\graphics-zedgraph12 — копия (2)\x64\debug\graph.tlog\metagen.write.1.tlog
c:\users\dasha\desktop\proga\чм\graphics-zedgraph12 — копия (2)\x64\debug\graph.tlog\zedgraph.dll.metagen
